<?xml version="1.0" encoding="UTF-8"?>
<testng-results total="0" passed="0" failed="0" skipped="0">
  <reporter-output>
  </reporter-output>
  <suite started-at="2021-05-26T17:09:04Z" name="Cucumber Framework" finished-at="2021-05-26T17:09:16Z" duration-ms="11880">
    <groups>
    </groups>
    <test started-at="2021-05-26T17:09:04Z" name="Cucumber Tests" finished-at="2021-05-26T17:09:16Z" duration-ms="11880">
    </test> <!-- Cucumber Tests -->
  </suite> <!-- Cucumber Framework -->
</testng-results>
